<?xml version="1.0" encoding="UTF-8"?>
<!-- Generated by org.testng.reporters.JUnitXMLReporter -->
<testsuite hostname="mohamed-PC" ignored="0" name="Command line test" tests="1" failures="0" timestamp="16 Dec 2018 18:41:38 GMT" time="0.107" errors="0">
  <testcase name="@BeforeTest setUp" time="0.066" classname="com.travels_Qa.openAppTest">
    <failure type="java.lang.NoSuchMethodError" message="org.slf4j.impl.StaticLoggerBinder.getSingleton()Lorg/slf4j/impl/StaticLoggerBinder;">
      <![CDATA[java.lang.NoSuchMethodError: org.slf4j.impl.StaticLoggerBinder.getSingleton()Lorg/slf4j/impl/StaticLoggerBinder;
at org.slf4j.LoggerFactory.bind(LoggerFactory.java:150)
at org.slf4j.LoggerFactory.performInitialization(LoggerFactory.java:124)
at org.slf4j.LoggerFactory.getILoggerFactory(LoggerFactory.java:412)
at org.slf4j.LoggerFactory.getLogger(LoggerFactory.java:357)
at org.slf4j.LoggerFactory.getLogger(LoggerFactory.java:383)
at io.github.bonigarcia.wdm.WebDriverManager.<clinit>(WebDriverManager.java:92)
at com.travels_Qa.openAppTest.setUp(openAppTest.java:35)
... Removed 33 stack frames]]>
    </failure>
  </testcase> <!-- @BeforeTest setUp -->
  <testcase name="@AfterTest closeBrowser" time="0.0" classname="com.travels_Qa.openAppTest">
    <skipped/>
  </testcase> <!-- @AfterTest closeBrowser -->
  <testcase name="locateAgent" time="0.0" classname="com.travels_Qa.openAppTest">
    <skipped/>
  </testcase> <!-- locateAgent -->
</testsuite> <!-- Command line test -->
