<?xml version="1.0" encoding="UTF-8"?>
<!-- Generated by org.testng.reporters.JUnitXMLReporter -->
<testsuite hostname="mohamed-PC" ignored="0" name="Test" tests="3" failures="0" timestamp="18 Dec 2018 06:45:55 GMT" time="77.937" errors="0">
  <testcase name="locateAgent" time="6.974" classname="com.travels_Qa.openAppTest"/>
  <testcase name="agenciesData" time="19.637" classname="com.travels_Qa.agenciesDataTest"/>
  <testcase name="agenciesStates" time="11.492" classname="com.travels_Qa.statesLocations"/>
</testsuite> <!-- Test -->
