<?xml version="1.0" encoding="UTF-8"?>
<testng-results skipped="0" failed="0" ignored="0" total="3" passed="3">
  <reporter-output>
  </reporter-output>
  <suite name="Suite" duration-ms="77937" started-at="2018-12-18T06:44:37Z" finished-at="2018-12-18T06:45:55Z">
    <groups>
    </groups>
    <test name="Test" duration-ms="77937" started-at="2018-12-18T06:44:37Z" finished-at="2018-12-18T06:45:55Z">
      <class name="com.travels_Qa.statesLocations">
        <test-method status="PASS" signature="agenciesStates()[pri:0, instance:com.travels_Qa.statesLocations@2b71e916]" name="agenciesStates" duration-ms="11492" started-at="2018-12-18T06:45:40Z" finished-at="2018-12-18T06:45:52Z">
          <reporter-output>
          </reporter-output>
        </test-method> <!-- agenciesStates -->
      </class> <!-- com.travels_Qa.statesLocations -->
      <class name="com.travels_Qa.openAppTest">
        <test-method status="PASS" signature="locateAgent()[pri:0, instance:com.travels_Qa.openAppTest@6b2ea799]" name="locateAgent" duration-ms="6974" started-at="2018-12-18T06:45:13Z" finished-at="2018-12-18T06:45:20Z">
          <reporter-output>
          </reporter-output>
        </test-method> <!-- locateAgent -->
      </class> <!-- com.travels_Qa.openAppTest -->
      <class name="com.travels_Qa.agenciesDataTest">
        <test-method status="PASS" signature="setUp()[pri:0, instance:com.travels_Qa.agenciesDataTest@411f53a0]" name="setUp" is-config="true" duration-ms="14213" started-at="2018-12-18T06:44:37Z" finished-at="2018-12-18T06:44:51Z">
          <reporter-output>
          </reporter-output>
        </test-method> <!-- setUp -->
        <test-method status="PASS" signature="setUp()[pri:0, instance:com.travels_Qa.openAppTest@6b2ea799]" name="setUp" is-config="true" duration-ms="13058" started-at="2018-12-18T06:44:51Z" finished-at="2018-12-18T06:45:04Z">
          <reporter-output>
          </reporter-output>
        </test-method> <!-- setUp -->
        <test-method status="PASS" signature="setUp()[pri:0, instance:com.travels_Qa.statesLocations@2b71e916]" name="setUp" is-config="true" duration-ms="9345" started-at="2018-12-18T06:45:04Z" finished-at="2018-12-18T06:45:13Z">
          <reporter-output>
          </reporter-output>
        </test-method> <!-- setUp -->
        <test-method status="PASS" signature="agenciesData()[pri:0, instance:com.travels_Qa.agenciesDataTest@411f53a0]" name="agenciesData" duration-ms="19637" started-at="2018-12-18T06:45:20Z" finished-at="2018-12-18T06:45:40Z">
          <reporter-output>
          </reporter-output>
        </test-method> <!-- agenciesData -->
        <test-method status="PASS" signature="closeBrowser()[pri:0, instance:com.travels_Qa.agenciesDataTest@411f53a0]" name="closeBrowser" is-config="true" duration-ms="1561" started-at="2018-12-18T06:45:52Z" finished-at="2018-12-18T06:45:53Z">
          <reporter-output>
          </reporter-output>
        </test-method> <!-- closeBrowser -->
        <test-method status="PASS" signature="closeBrowser()[pri:0, instance:com.travels_Qa.openAppTest@6b2ea799]" name="closeBrowser" is-config="true" duration-ms="753" started-at="2018-12-18T06:45:53Z" finished-at="2018-12-18T06:45:54Z">
          <reporter-output>
          </reporter-output>
        </test-method> <!-- closeBrowser -->
        <test-method status="PASS" signature="closeBrowser()[pri:0, instance:com.travels_Qa.statesLocations@2b71e916]" name="closeBrowser" is-config="true" duration-ms="853" started-at="2018-12-18T06:45:54Z" finished-at="2018-12-18T06:45:55Z">
          <reporter-output>
          </reporter-output>
        </test-method> <!-- closeBrowser -->
      </class> <!-- com.travels_Qa.agenciesDataTest -->
    </test> <!-- Test -->
  </suite> <!-- Suite -->
</testng-results>
