<?xml version="1.0" encoding="UTF-8"?>
<testsuite xmlns:xsi="http://www.w3.org/2001/XMLSchema-instance" xsi:noNamespaceSchemaLocation="https://maven.apache.org/surefire/maven-surefire-plugin/xsd/surefire-test-report.xsd" name="TestSuite" time="82.092" tests="3" errors="0" skipped="0" failures="0">
  <properties>
[...]
</properties>
  <testcase name="locateAgent" classname="com.travels_Qa.openAppTest" time="6.977"/>
  <testcase name="agenciesData" classname="com.travels_Qa.agenciesDataTest" time="19.609"/>
  <testcase name="agenciesStates" classname="com.travels_Qa.statesLocations" time="11.492"/>
</testsuite>